<?xml version="1.0" encoding="UTF-8" ?>
<testsuite errors="0" failures="0" hostname="toverly-4.local" name="TestSpec" tests="1" time="11.422" timestamp="2014-01-03T15:49:45">
  <properties />
  <testcase classname="TestSpec" name="there should always be google" time="11.402" />
  <system-out><![CDATA[--Output from there should always be google--
]]></system-out>
  <system-err><![CDATA[--Output from there should always be google--
]]></system-err>
</testsuite>
